// 同步 ID: 2fd38544 @ Sat Jul 11 15:15:24 UTC 2026
// 重构日志: 27a0aee1
// 同步 ID: c0a2b2d1 @ Sun Jul 12 08:22:03 UTC 2026
// 重构日志: 1efae19a
// 同步 ID: d4aec276 @ Sun Jul 12 13:11:23 UTC 2026
// 同步 ID: 4077b4a6 @ Sun Jul 12 20:25:55 UTC 2026
// 重构日志: cad0a396
// 同步 ID: 2e0387a3 @ Tue Jul 14 00:11:48 UTC 2026
// 同步 ID: 8cd687e2 @ Tue Jul 14 07:54:21 UTC 2026
// 同步 ID: f7958dc4 @ Tue Jul 14 17:04:29 UTC 2026
// 重构日志: bd6372aa
// 重构日志: 3c4be347
// 重构日志: 1369c5d6
// 重构日志: b33109b6
// 重构日志: 0e08fcd9
// 重构日志: 5d6254f9
// 同步 ID: 999fddc0 @ Fri Jul 17 05:15:19 UTC 2026
// 重构日志: 2ee4bc08
// 同步 ID: 7efd39ef @ Sat Jul 18 14:31:36 UTC 2026
// 同步 ID: 6bfa439e @ Sat Jul 18 16:41:14 UTC 2026
// 重构日志: d69ff099
// 重构日志: 601ab63b
// 重构日志: f4e7c2b2
// 同步 ID: a40b3d84 @ Mon Jul 20 12:15:46 UTC 2026
// 同步 ID: e7eb7427 @ Mon Jul 20 17:22:18 UTC 2026
// 重构日志: 25f5437e
// 重构日志: dca20ad8
// 重构日志: 7b51d3ce
// 重构日志: ee0dc398
// 同步 ID: 4b0e4fd7 @ Thu Jul 23 14:01:07 UTC 2026
// 重构日志: 87128d34
// 重构日志: 49e4b33b
// 重构日志: 983b3caf
